<?xml version="1.0" encoding="UTF-8"?>
<testng-results ignored="0" total="1" passed="1" failed="0" skipped="0">
  <reporter-output>
  </reporter-output>
  <suite started-at="2023-01-22T13:59:56 EST" name="Surefire suite" finished-at="2023-01-22T14:00:17 EST" duration-ms="20660">
    <groups>
      <group name="cucumber">
        <method signature="AbstractTestNGCucumberTests.runScenario(io.cucumber.testng.PickleEventWrapper,io.cucumber.testng.CucumberFeatureWrapper)[pri:0, instance:com.test.cucumber.Runner@7671cb68]" name="runScenario" class="io.cucumber.testng.AbstractTestNGCucumberTests"/>
      </group> <!-- cucumber -->
    </groups>
    <test started-at="2023-01-22T13:59:56 EST" name="Surefire test" finished-at="2023-01-22T14:00:17 EST" duration-ms="20660">
      <class name="com.test.cucumber.Runner">
        <test-method is-config="true" signature="setUpClass()[pri:0, instance:com.test.cucumber.Runner@7671cb68]" started-at="2023-01-22T13:59:56 EST" name="setUpClass" finished-at="2023-01-22T13:59:56 EST" duration-ms="185" status="PASS">
          <reporter-output>
          </reporter-output>
        </test-method> <!-- setUpClass -->
        <test-method signature="runScenario(io.cucumber.testng.PickleEventWrapper,io.cucumber.testng.CucumberFeatureWrapper)[pri:0, instance:com.test.cucumber.Runner@7671cb68]" started-at="2023-01-22T13:59:57 EST" name="runScenario" description="Runs Cucumber Scenarios" data-provider="scenarios" finished-at="2023-01-22T14:00:17 EST" duration-ms="20227" status="PASS">
          <params>
            <param index="0">
              <value>
                <![CDATA["As a citi bank Luma application user, login should success with valid credentials"]]>
              </value>
            </param>
            <param index="1">
              <value>
                <![CDATA["Login function test"]]>
              </value>
            </param>
          </params>
          <reporter-output>
          </reporter-output>
        </test-method> <!-- runScenario -->
        <test-method is-config="true" signature="tearDownClass()[pri:0, instance:com.test.cucumber.Runner@7671cb68]" started-at="2023-01-22T14:00:17 EST" name="tearDownClass" finished-at="2023-01-22T14:00:17 EST" duration-ms="92" status="PASS">
          <reporter-output>
          </reporter-output>
        </test-method> <!-- tearDownClass -->
      </class> <!-- com.test.cucumber.Runner -->
    </test> <!-- Surefire test -->
  </suite> <!-- Surefire suite -->
</testng-results>
